<?xml version="1.0" encoding="UTF-8"?>
<!-- Generated by org.testng.reporters.JUnitXMLReporter -->
<testsuite ignored="0" hostname="Deshan" failures="1" tests="1" name="ChromeTest" time="8.939" errors="0" timestamp="03 Aug 2021 06:00:03 GMT">
  <testcase classname="com.qa.opencart.pagetest.LoginTest" name="Login_Test" time="0.018">
    <failure type="java.lang.NullPointerException">
      <![CDATA[java.lang.NullPointerException
at java.base/java.util.Objects.requireNonNull(Objects.java:208)
at org.openqa.selenium.interactions.Actions.<init>(Actions.java:65)
at com.qa.opencart.util.ElementUtil.<init>(ElementUtil.java:35)
at com.qa.opencart.pages.LoginPage.<init>(LoginPage.java:30)
at com.qa.opencart.pagetest.LoginTest.Login_Test(LoginTest.java:24)
... Removed 25 stack frames]]>
    </failure>
  </testcase> <!-- Login_Test -->
</testsuite> <!-- ChromeTest -->
