<?xml version="1.0" encoding="UTF-8"?>
<!-- Generated by org.testng.reporters.JUnitXMLReporter -->
<testsuite ignored="0" hostname="Deshan" failures="1" tests="1" name="FirefoxTest" time="9.955" errors="0" timestamp="03 Aug 2021 04:49:25 GMT">
  <testcase classname="com.qa.opencart.pagetest.LoginTest" name="Login_Test" time="0.002">
    <failure type="java.lang.NullPointerException" message="Cannot invoke &amp;quot;com.qa.opencart.pages.LoginPage.Login(String, String)&amp;quot; because &amp;quot;this.LoginPage&amp;quot; is null">
      <![CDATA[java.lang.NullPointerException: Cannot invoke "com.qa.opencart.pages.LoginPage.Login(String, String)" because "this.LoginPage" is null
at com.qa.opencart.pagetest.LoginTest.Login_Test(LoginTest.java:24)
... Removed 25 stack frames]]>
    </failure>
  </testcase> <!-- Login_Test -->
</testsuite> <!-- FirefoxTest -->
